<?xml version="1.0" encoding="UTF-8"?>
<!-- Generated by org.testng.reporters.JUnitReportReporter -->
<testsuite hostname="DESKTOP-GKFK12K" failures="0" tests="1" name="com.saucedemo.testClasses.TC04_AllProducts_addtoCart" time="15.225" errors="0" timestamp="2022-11-03T18:52:31 IST" skipped="0">
  <testcase classname="com.saucedemo.testClasses.TC04_AllProducts_addtoCart" name="TC04_Allproducts_AddtoCart" time="15.225"/>
  <system-out/>
</testsuite> <!-- com.saucedemo.testClasses.TC04_AllProducts_addtoCart -->
