<?xml version="1.0" encoding="UTF-8"?>
<!-- Generated by org.testng.reporters.JUnitReportReporter -->
<testsuite hostname="DESKTOP-GKFK12K" failures="0" tests="1" name="com.saucedemo.testClasses.TestNg" time="0.002" errors="0" timestamp="2022-11-03T18:52:31 IST" skipped="0">
  <testcase classname="com.saucedemo.testClasses.TestNg" name="method1" time="0.002"/>
  <system-out/>
</testsuite> <!-- com.saucedemo.testClasses.TestNg -->
