<?xml version="1.0" encoding="UTF-8"?>
<!-- Generated by org.testng.reporters.JUnitReportReporter -->
<testsuite hostname="DESKTOP-GKFK12K" failures="0" tests="4" name="com.saucedemo.testClasses.TestCasesAll" time="51.193" errors="0" timestamp="2022-11-03T22:23:15 IST" skipped="0">
  <testcase classname="com.saucedemo.testClasses.TestCasesAll" name="TC02_VerifyLogout" time="13.141"/>
  <system-out/>
  <testcase classname="com.saucedemo.testClasses.TestCasesAll" name="TC01_VerifyLogin" time="14.621"/>
  <system-out/>
  <testcase classname="com.saucedemo.testClasses.TestCasesAll" name="TC03_VerifyBagProductAddedtoCart" time="14.140"/>
  <system-out/>
  <testcase classname="com.saucedemo.testClasses.TestCasesAll" name="TC04_Verify_allTheProductAddedtoCart" time="9.291"/>
  <system-out/>
</testsuite> <!-- com.saucedemo.testClasses.TestCasesAll -->
